{
  "stats": {
    "suites": 1,
    "tests": 2,
    "passes": 2,
    "pending": 0,
    "failures": 0,
    "start": "2024-08-21T04:32:00.220Z",
    "end": "2024-08-21T04:32:00.772Z",
    "duration": 552,
    "testsRegistered": 2,
    "passPercent": 100,
    "pendingPercent": 0,
    "other": 0,
    "hasOther": false,
    "skipped": 0,
    "hasSkipped": false
  },
  "results": [
    {
      "uuid": "6617ea04-d1f1-41fe-9d61-058aa2d0c0be",
      "title": "",
      "fullFile": "D:\\belajar\\sesi7\\api-automation-ds-batch5\\test\\test-demo.js",
      "file": "\\test\\test-demo.js",
      "beforeHooks": [],
      "afterHooks": [],
      "tests": [],
      "suites": [
        {
          "uuid": "3fae04e3-8f91-45fc-9042-bd0c6dae553a",
          "title": "API Test for \"restful-api.dev\"",
          "fullFile": "D:\\belajar\\sesi7\\api-automation-ds-batch5\\test\\test-demo.js",
          "file": "\\test\\test-demo.js",
          "beforeHooks": [],
          "afterHooks": [],
          "tests": [
            {
              "title": "Test - Get All Object",
              "fullTitle": "API Test for \"restful-api.dev\" Test - Get All Object",
              "timedOut": false,
              "duration": 311,
              "state": "passed",
              "speed": "slow",
              "pass": true,
              "fail": false,
              "pending": false,
              "context": null,
              "code": "const response = await request(BASE_URL).get(\"objects\");\n    //     console.log(response.statusCode);\n// console.log(response.body);\n//assertions\nassert.equal(response.statusCode, 200);\nassert.equal(response.body[0].name, \"Google Pixel 6 Pro\");\n\nexpect(response.statusCode).to.equal(200);",
              "err": {},
              "uuid": "4f580c8c-f07e-442f-9200-43f37be2a188",
              "parentUUID": "3fae04e3-8f91-45fc-9042-bd0c6dae553a",
              "isHook": false,
              "skipped": false
            },
            {
              "title": "Test - Post Store Object",
              "fullTitle": "API Test for \"restful-api.dev\" Test - Post Store Object",
              "timedOut": false,
              "duration": 234,
              "state": "passed",
              "speed": "slow",
              "pass": true,
              "fail": false,
              "pending": false,
              "context": null,
              "code": "const body = {\n    \"name\": \"Apple MacBook Pro 16\",\n    \"data\": {\n       \"year\": 2019,\n       \"price\": 1849.99,\n       \"CPU model\": \"Intel Core i9\",\n       \"Hard disk size\": \"1 TB\"\n    }\n}\nconst response = await request(BASE_URL)\n.post(\"objects\")\n.send(body);\n// console.log(response.statusCode);\n       // console.log(response.body);\n//assertions\nshould(response.statusCode === 200);\nconst schemaPath = \"resources/jsonSchema/post-object-schema.json\";\nconst jsonSchema = JSON.parse(fs.readFileSync(schemaPath, 'utf8'));\nassert.jsonSchema(response.body, jsonSchema);",
              "err": {},
              "uuid": "2913a758-f5b8-456d-a8b2-ed88df5d936b",
              "parentUUID": "3fae04e3-8f91-45fc-9042-bd0c6dae553a",
              "isHook": false,
              "skipped": false
            }
          ],
          "suites": [],
          "passes": [
            "4f580c8c-f07e-442f-9200-43f37be2a188",
            "2913a758-f5b8-456d-a8b2-ed88df5d936b"
          ],
          "failures": [],
          "pending": [],
          "skipped": [],
          "duration": 545,
          "root": false,
          "rootEmpty": false,
          "_timeout": 5000
        }
      ],
      "passes": [],
      "failures": [],
      "pending": [],
      "skipped": [],
      "duration": 0,
      "root": true,
      "rootEmpty": true,
      "_timeout": 5000
    }
  ],
  "meta": {
    "mocha": {
      "version": "10.7.3"
    },
    "mochawesome": {
      "options": {
        "quiet": false,
        "reportFilename": "mochawesome",
        "saveHtml": true,
        "saveJson": true,
        "consoleReporter": "spec",
        "useInlineDiffs": false,
        "code": true
      },
      "version": "7.1.3"
    },
    "marge": {
      "options": null,
      "version": "6.2.0"
    }
  }
}